{"numTotalTestSuites":2,"numPassedTestSuites":0,"numFailedTestSuites":2,"numPendingTestSuites":0,"numTotalTests":7,"numPassedTests":5,"numFailedTests":2,"numPendingTests":0,"numTodoTests":0,"snapshot":{"added":0,"failure":false,"filesAdded":0,"filesRemoved":0,"filesRemovedList":[],"filesUnmatched":0,"filesUpdated":0,"matched":0,"total":0,"unchecked":0,"uncheckedKeysByFile":[],"unmatched":0,"updated":0,"didUpdate":false},"startTime":1771407717750,"success":false,"testResults":[{"assertionResults":[{"ancestorTitles":["FinancialEngineService"],"fullName":"FinancialEngineService calculates deterministic operating and buffer outputs","status":"failed","title":"calculates deterministic operating and buffer outputs","duration":9.745809000000008,"failureMessages":["AssertionError: expected '200000' to be '300000' // Object.is equality\n    at /home/jainamjadav/Projects/axioma-local/apps/backend/test/financial-engine.service.spec.ts:31:32\n    at file:///home/jainamjadav/Projects/axioma-local/node_modules/.bun/@vitest+runner@4.0.18/node_modules/@vitest/runner/dist/index.js:145:11\n    at file:///home/jainamjadav/Projects/axioma-local/node_modules/.bun/@vitest+runner@4.0.18/node_modules/@vitest/runner/dist/index.js:915:26\n    at file:///home/jainamjadav/Projects/axioma-local/node_modules/.bun/@vitest+runner@4.0.18/node_modules/@vitest/runner/dist/index.js:1243:20\n    at new Promise (<anonymous>)\n    at runWithTimeout (file:///home/jainamjadav/Projects/axioma-local/node_modules/.bun/@vitest+runner@4.0.18/node_modules/@vitest/runner/dist/index.js:1209:10)\n    at file:///home/jainamjadav/Projects/axioma-local/node_modules/.bun/@vitest+runner@4.0.18/node_modules/@vitest/runner/dist/index.js:1653:37\n    at Traces.$ (file:///home/jainamjadav/Projects/axioma-local/node_modules/.bun/vitest@4.0.18+27954382fc9f327f/node_modules/vitest/dist/chunks/traces.CCmnQaNT.js:142:27)\n    at trace (file:///home/jainamjadav/Projects/axioma-local/node_modules/.bun/vitest@4.0.18+27954382fc9f327f/node_modules/vitest/dist/chunks/test.B8ej_ZHS.js:239:21)\n    at runTest (file:///home/jainamjadav/Projects/axioma-local/node_modules/.bun/@vitest+runner@4.0.18/node_modules/@vitest/runner/dist/index.js:1653:12)"],"meta":{}},{"ancestorTitles":["FinancialEngineService"],"fullName":"FinancialEngineService caps safe and partner withdrawals at zero when remaining pool is negative","status":"failed","title":"caps safe and partner withdrawals at zero when remaining pool is negative","duration":0.9043639999999868,"failureMessages":["AssertionError: expected '-330000' to be '-230000' // Object.is equality\n    at /home/jainamjadav/Projects/axioma-local/apps/backend/test/financial-engine.service.spec.ts:54:38\n    at file:///home/jainamjadav/Projects/axioma-local/node_modules/.bun/@vitest+runner@4.0.18/node_modules/@vitest/runner/dist/index.js:145:11\n    at file:///home/jainamjadav/Projects/axioma-local/node_modules/.bun/@vitest+runner@4.0.18/node_modules/@vitest/runner/dist/index.js:915:26\n    at file:///home/jainamjadav/Projects/axioma-local/node_modules/.bun/@vitest+runner@4.0.18/node_modules/@vitest/runner/dist/index.js:1243:20\n    at new Promise (<anonymous>)\n    at runWithTimeout (file:///home/jainamjadav/Projects/axioma-local/node_modules/.bun/@vitest+runner@4.0.18/node_modules/@vitest/runner/dist/index.js:1209:10)\n    at file:///home/jainamjadav/Projects/axioma-local/node_modules/.bun/@vitest+runner@4.0.18/node_modules/@vitest/runner/dist/index.js:1653:37\n    at Traces.$ (file:///home/jainamjadav/Projects/axioma-local/node_modules/.bun/vitest@4.0.18+27954382fc9f327f/node_modules/vitest/dist/chunks/traces.CCmnQaNT.js:142:27)\n    at trace (file:///home/jainamjadav/Projects/axioma-local/node_modules/.bun/vitest@4.0.18+27954382fc9f327f/node_modules/vitest/dist/chunks/test.B8ej_ZHS.js:239:21)\n    at runTest (file:///home/jainamjadav/Projects/axioma-local/node_modules/.bun/@vitest+runner@4.0.18/node_modules/@vitest/runner/dist/index.js:1653:12)"],"meta":{}},{"ancestorTitles":["FinancialEngineService"],"fullName":"FinancialEngineService calculates client margins and runway months","status":"passed","title":"calculates client margins and runway months","duration":0.7700790000000097,"failureMessages":[],"meta":{}},{"ancestorTitles":["FinancialEngineService"],"fullName":"FinancialEngineService handles zero revenue scenario deterministically","status":"passed","title":"handles zero revenue scenario deterministically","duration":0.3301479999999515,"failureMessages":[],"meta":{}},{"ancestorTitles":["FinancialEngineService"],"fullName":"FinancialEngineService supports negative revenue edge case","status":"passed","title":"supports negative revenue edge case","duration":0.3601030000000378,"failureMessages":[],"meta":{}},{"ancestorTitles":["FinancialEngineService"],"fullName":"FinancialEngineService handles extreme buffer case","status":"passed","title":"handles extreme buffer case","duration":0.321234000000004,"failureMessages":[],"meta":{}},{"ancestorTitles":["FinancialEngineService"],"fullName":"FinancialEngineService simulates withdrawal and blocks over-withdrawal","status":"passed","title":"simulates withdrawal and blocks over-withdrawal","duration":0.3461810000000014,"failureMessages":[],"meta":{}}],"startTime":1771407718118,"endTime":1771407718130.3462,"status":"failed","message":"","name":"/home/jainamjadav/Projects/axioma-local/apps/backend/test/financial-engine.service.spec.ts"}]}